\BOOKMARK [1][-]{section.1}{\376\377\000I\000n\000t\000r\000o\000d\000u\000c\000t\000i\000o\000n}{}% 1
\BOOKMARK [1][-]{section.2}{\376\377\000H\000e\000l\000l\000o\000\040\000W\000o\000r\000l\000d\000\040\000E\000x\000a\000m\000p\000l\000e}{}% 2
\BOOKMARK [1][-]{section.3}{\376\377\000S\000o\000u\000r\000c\000e\000\040\000C\000o\000d\000e\000\040\000F\000i\000l\000e\000s}{}% 3
\BOOKMARK [1][-]{section.4}{\376\377\000B\000A\000S\000I\000C\000\040\000S\000y\000n\000t\000a\000x}{}% 4
\BOOKMARK [2][-]{subsection.4.1}{\376\377\000G\000e\000n\000e\000r\000a\000l}{section.4}% 5
\BOOKMARK [2][-]{subsection.4.2}{\376\377\000I\000d\000e\000n\000t\000i\000f\000i\000e\000r\000s}{section.4}% 6
\BOOKMARK [2][-]{subsection.4.3}{\376\377\000L\000a\000b\000e\000l\000s}{section.4}% 7
\BOOKMARK [2][-]{subsection.4.4}{\376\377\000V\000a\000r\000i\000a\000b\000l\000e\000s}{section.4}% 8
\BOOKMARK [2][-]{subsection.4.5}{\376\377\000W\000h\000i\000t\000e\000s\000p\000a\000c\000e\000\040\000t\000o\000\040\000S\000e\000p\000a\000r\000a\000t\000e\000\040\000I\000d\000e\000n\000t\000i\000f\000i\000e\000r\000s}{section.4}% 9
\BOOKMARK [1][-]{section.5}{\376\377\000B\000A\000S\000L\000O\000A\000D\000\040\000O\000p\000t\000i\000o\000n\000s}{}% 10
\BOOKMARK [2][-]{subsection.5.1}{\376\377\000G\000e\000n\000e\000r\000a\000l}{section.5}% 11
\BOOKMARK [2][-]{subsection.5.2}{\376\377\000O\000p\000t\000i\000o\000n\000:\000\040\000\043\000\043\000\040\000C\000o\000m\000m\000e\000n\000t}{section.5}% 12
\BOOKMARK [2][-]{subsection.5.3}{\376\377\000O\000p\000t\000i\000o\000n\000:\000\040\000\043\000R\000E\000M\000\040\0000\000\040\000|\000\040\0001}{section.5}% 13
\BOOKMARK [2][-]{subsection.5.4}{\376\377\000O\000p\000t\000i\000o\000n\000:\000\040\000\043\000I\000N\000C\000L\000U\000D\000E\000\040\000"\000f\000i\000l\000e\000n\000a\000m\000e\000"}{section.5}% 14
\BOOKMARK [2][-]{subsection.5.5}{\376\377\000O\000p\000t\000i\000o\000n\000:\000\040\000\043\000A\000U\000T\000O\000N\000U\000M\000\040\0000\000\040\000|\000\040\0001}{section.5}% 15
\BOOKMARK [2][-]{subsection.5.6}{\376\377\000O\000p\000t\000i\000o\000n\000:\000\040\000\043\000C\000O\000N\000T\000R\000O\000L\000C\000O\000D\000E\000S\000\040\0000\000\040\000|\000\040\0001}{section.5}% 16
\BOOKMARK [2][-]{subsection.5.7}{\376\377\000O\000p\000t\000i\000o\000n\000:\000\040\000\043\000S\000Y\000M\000F\000I\000L\000E\000\040\000"\000@\000:\000f\000i\000l\000e\000n\000a\000m\000e\000"}{section.5}% 17
\BOOKMARK [1][-]{section.6}{\376\377\000R\000u\000n\000n\000i\000n\000g\000\040\000B\000A\000S\000L\000O\000A\000D}{}% 18
\BOOKMARK [2][-]{subsection.6.1}{\376\377\000P\000l\000a\000n\000n\000e\000d\000\040\000I\000n\000t\000e\000r\000f\000a\000c\000e}{section.6}% 19
\BOOKMARK [2][-]{subsection.6.2}{\376\377\000A\000P\000I}{section.6}% 20
\BOOKMARK [1][-]{appendix.A}{\376\377\000N\000a\000m\000e\000d\000\040\000P\000E\000T\000S\000C\000I\000I\000\040\000C\000o\000n\000t\000r\000o\000l\000\040\000C\000h\000a\000r\000a\000c\000t\000e\000r\000s}{}% 21
